Arguments: 
  C:\Program Files\nodejs\node.exe C:\Users\NCR\AppData\Roaming\npm\node_modules\@sanity\cli\vendor\yarn install --json --non-interactive --ignore-engines --network-timeout 60000 --registry https://registry.npmjs.org

PATH: 
  C:\Users\NCR\AppData\Roaming\npm\node_modules\vendor;C:\WINDOWS\system32;C:\WINDOWS;C:\WINDOWS\System32\Wbem;C:\WINDOWS\System32\WindowsPowerShell\v1.0\;C:\Program Files\Microsoft SQL Server\110\DTS\Binn\;C:\Program Files (x86)\Microsoft SQL Server\110\Tools\Binn\;C:\Program Files\Microsoft SQL Server\110\Tools\Binn\;C:\Program Files (x86)\Microsoft SQL Server\110\Tools\Binn\ManagementStudio\;C:\Program Files (x86)\Microsoft Visual Studio 10.0\Common7\IDE\PrivateAssemblies\;C:\Program Files (x86)\Microsoft SQL Server\110\DTS\Binn\;C:\WINDOWS\System32\OpenSSH\;C:\Program Files\Git\cmd;C:\Program Files\Azure Data Studio\bin;C:\Program Files (x86)\Microsoft SQL Server\150\DTS\Binn\;C:\Program Files\nodejs\;C:\Users\NCR\AppData\Local\Microsoft\WindowsApps;C:\Users\NCR\AppData\Local\Programs\Microsoft VS Code\bin;C:\flut\flutter\flutter\bin;C:\Program Files\Azure Data Studio\bin;C:\Users\NCR\AppData\Roaming\npm

Yarn version: 
  1.22.17

Node version: 
  18.12.0

Platform: 
  win32 x64

Trace: 
  Error: https://registry.npmjs.org/date-fns/-/date-fns-2.29.3.tgz: ESOCKETTIMEDOUT
      at ClientRequest.<anonymous> (C:\Users\NCR\AppData\Roaming\npm\node_modules\@sanity\cli\vendor\yarn:135945:19)
      at Object.onceWrapper (node:events:627:28)
      at ClientRequest.emit (node:events:513:28)
      at TLSSocket.emitRequestTimeout (node:_http_client:838:9)
      at Object.onceWrapper (node:events:627:28)
      at TLSSocket.emit (node:events:525:35)
      at Socket._onTimeout (node:net:562:8)
      at listOnTimeout (node:internal/timers:564:17)
      at process.processTimers (node:internal/timers:507:7)

npm manifest: 
  {
    "name": "sharemejsm",
    "private": true,
    "version": "1.0.0",
    "description": "",
    "main": "package.json",
    "author": "Nova Ardiansyah <novaardiansyah78@gmail.com>",
    "license": "UNLICENSED",
    "scripts": {
      "start": "sanity start",
      "build": "sanity build"
    },
    "keywords": [
      "sanity"
    ],
    "dependencies": {
      "@sanity/base": "^2.35.0",
      "@sanity/core": "^2.35.0",
      "@sanity/default-layout": "^2.35.0",
      "@sanity/default-login": "^2.35.0",
      "@sanity/desk-tool": "^2.35.1",
      "@sanity/eslint-config-studio": "^2.0.1",
      "@sanity/vision": "^2.35.0",
      "eslint": "^8.6.0",
      "prop-types": "^15.7",
      "react": "^17.0",
      "react-dom": "^17.0",
      "styled-components": "^5.2.0"
    },
    "devDependencies": {}
  }

yarn manifest: 
  No manifest

Lockfile: 
  No lockfile
